<?xml version="1.0" encoding="UTF-8"?>
<testsuite xmlns:xsi="http://www.w3.org/2001/XMLSchema-instance" xsi:noNamespaceSchemaLocation="https://maven.apache.org/surefire/maven-surefire-plugin/xsd/surefire-test-report.xsd" name="FactoryTest" time="0.04" tests="6" errors="0" skipped="0" failures="0">
  <properties>
[...]
</properties>
  <testcase name="initCoffee" classname="FactoryTest" time="0.02"/>
  <testcase name="addSugarCost" classname="FactoryTest" time="0.003"/>
  <testcase name="addExtraShotCost" classname="FactoryTest" time="0.002"/>
  <testcase name="addCreamCost" classname="FactoryTest" time="0.002"/>
  <testcase name="basicCoffeeCost" classname="FactoryTest" time="0.001"/>
  <testcase name="addMilkCost" classname="FactoryTest" time="0.002"/>
</testsuite>